-------------------------------------------------------------------------------
Test set: InputBatchTest
-------------------------------------------------------------------------------
Tests run: 1, Failures: 0, Errors: 1, Skipped: 0, Time elapsed: 0.8 sec <<< FAILURE! - in InputBatchTest
testInputBatch(InputBatchTest)  Time elapsed: 0.001 sec  <<< ERROR!
org.mockito.exceptions.base.MockitoException: 

Mockito cannot mock this class: interface cn.nju.edu.chemical_monitor_system.dao.BatchDao.

Mockito can only mock non-private & non-final classes.
If you're not sure why you're getting this error, please report to the mailing list.


Java               : 1.8
JVM vendor name    : Oracle Corporation
JVM vendor version : 25.261-b12
JVM name           : Java HotSpot(TM) 64-Bit Server VM
JVM version        : 1.8.0_261-b12
JVM info           : mixed mode
OS name            : Windows 10
OS version         : 10.0


Underlying exception : java.lang.IllegalArgumentException: Could not create type
Caused by: java.lang.IllegalArgumentException: Could not create type
Caused by: java.lang.NoSuchMethodError: net.bytebuddy.dynamic.loading.MultipleParentClassLoader$Builder.appendMostSpecific(Ljava/util/Collection;)Lnet/bytebuddy/dynamic/loading/MultipleParentClassLoader$Builder;

